TN:
SF:src\presentation\helpers\http-response.js
FN:5,badRequest
FN:12,serverError
FN:18,unauthorizedError
FN:25,ok
FNF:4
FNH:4
FNDA:2,badRequest
FNDA:4,serverError
FNDA:1,unauthorizedError
FNDA:2,ok
DA:1,1
DA:2,1
DA:3,1
DA:4,1
DA:5,1
DA:6,2
DA:7,2
DA:8,2
DA:9,2
DA:10,2
DA:11,1
DA:12,1
DA:13,4
DA:14,4
DA:15,4
DA:16,4
DA:17,1
DA:18,1
DA:19,1
DA:20,1
DA:21,1
DA:22,1
DA:23,1
DA:24,1
DA:25,1
DA:26,2
DA:27,2
DA:28,2
DA:29,2
DA:30,2
DA:31,1
LF:31
LH:31
BRF:0
BRH:0
end_of_record
TN:
SF:src\presentation\helpers\missing-param-error.js
FN:2,MissingParamError
FNF:1
FNH:1
FNDA:4,MissingParamError
DA:1,1
DA:2,1
DA:3,4
DA:4,4
DA:5,4
DA:6,1
LF:6
LH:6
BRF:0
BRH:0
end_of_record
TN:
SF:src\presentation\helpers\unauthorized-error.js
FN:2,UnauthorizedError
FNF:1
FNH:1
FNDA:2,UnauthorizedError
DA:1,1
DA:2,1
DA:3,2
DA:4,2
DA:5,2
DA:6,1
LF:6
LH:6
BRF:0
BRH:0
end_of_record
TN:
SF:src\presentation\routers\login-router.js
FN:4,LoginRouter
FN:8,route
FNF:2
FNH:2
FNDA:9,LoginRouter
FNDA:9,route
DA:1,1
DA:2,1
DA:3,1
DA:4,1
DA:5,9
DA:6,9
DA:7,1
DA:8,1
DA:9,9
DA:10,4
DA:11,4
DA:12,9
DA:13,9
DA:14,9
DA:15,1
DA:16,1
DA:17,9
DA:18,1
DA:19,1
DA:20,3
DA:21,3
DA:22,9
DA:23,1
DA:24,1
DA:25,9
DA:26,9
DA:27,9
DA:28,1
LF:28
LH:28
BRDA:4,0,0,9
BRDA:8,1,0,9
BRDA:9,2,0,8
BRDA:9,3,0,7
BRDA:9,4,0,6
BRDA:9,5,0,4
BRDA:14,6,0,1
BRDA:17,7,0,1
BRDA:20,8,0,3
BRDA:22,9,0,1
BRF:10
BRH:10
end_of_record
